<?xml version="1.0" encoding="UTF-8"?>
<testsuite name="categoryTest" tests="8" skipped="0" failures="0" errors="0" timestamp="2015-08-23T05:20:07" hostname="Leslies-MacBook-Pro.local" time="0.004">
  <properties/>
  <testcase name="find_returnscategoryWithSameId_secondcategory" classname="categoryTest" time="0.0"/>
  <testcase name="newId_categoriesInstantiateWithAnID_true" classname="categoryTest" time="0.0"/>
  <testcase name="category_instantiatesCorrectly_true" classname="categoryTest" time="0.001"/>
  <testcase name="clear_emptiesAllcategoriesFromArrayList" classname="categoryTest" time="0.0"/>
  <testcase name="find_returnsNullWhenNocategoryFound_null" classname="categoryTest" time="0.001"/>
  <testcase name="all_returnsAllInstancesOfcategory_true" classname="categoryTest" time="0.0"/>
  <testcase name="category_instantiatesWithDescription_true" classname="categoryTest" time="0.0"/>
  <testcase name="getName_returnsName_true" classname="categoryTest" time="0.0"/>
  <system-out><![CDATA[]]></system-out>
  <system-err><![CDATA[]]></system-err>
</testsuite>
