<?xml version="1.0" encoding="UTF-8"?>
<testsuite name="taskTest" tests="8" skipped="0" failures="0" errors="0" timestamp="2015-08-23T05:20:07" hostname="Leslies-MacBook-Pro.local" time="0.003">
  <properties/>
  <testcase name="find_returnscategoryWithSameId_secondcategory" classname="taskTest" time="0.0"/>
  <testcase name="newId_taskInstantiateWithAnID_true" classname="taskTest" time="0.0"/>
  <testcase name="task_instantiatesCorrectly_true" classname="taskTest" time="0.0"/>
  <testcase name="isCompleted_isFalseAfterInstantiaon_false" classname="taskTest" time="0.0"/>
  <testcase name="find_returnsNullWhenNotaskFound_null" classname="taskTest" time="0.0"/>
  <testcase name="clear_emptiesAlltasksFromArrayList" classname="taskTest" time="0.0"/>
  <testcase name="task_instantiatesWithDescription_true" classname="taskTest" time="0.0"/>
  <testcase name="all_returnsAllInstancesOfcategory_true" classname="taskTest" time="0.0"/>
  <system-out><![CDATA[]]></system-out>
  <system-err><![CDATA[]]></system-err>
</testsuite>
